build/intermediates/manifest_merge_blame_file/release/manifest-merger-blame-release-report.txt
1<?xml version="1.0" encoding="utf-8"?>
2<manifest xmlns:android="http://schemas.android.com/apk/res/android"
3    package="com.misfer.srisabaries"
4    android:versionCode="3"
5    android:versionName="4.0.14" >
6
7    <uses-sdk
7-->src\main\AndroidManifest.xml:24:5-25:107
8        android:minSdkVersion="21"
8-->src\main\AndroidManifest.xml:24:5-25:107
9        android:targetSdkVersion="29" />
9-->src\main\AndroidManifest.xml:24:5-25:107
10
11    <uses-permission android:name="android.permission.CAMERA" />
11-->src\main\AndroidManifest.xml:6:5-65
11-->src\main\AndroidManifest.xml:6:22-62
12    <uses-permission android:name="android.permission.INTERNET" />
12-->src\main\AndroidManifest.xml:7:5-67
12-->src\main\AndroidManifest.xml:7:22-64
13    <!--
14    <uses-permission android:name="android.permission.READ_SMS" />
15    <uses-permission android:name="android.permission.RECEIVE_SMS" />
16    -->
17    <uses-permission android:name="android.permission.ACCESS_WIFI_STATE" />
17-->src\main\AndroidManifest.xml:10:5-76
17-->src\main\AndroidManifest.xml:10:22-73
18    <uses-permission android:name="android.permission.ACCESS_NETWORK_STATE" />
18-->src\main\AndroidManifest.xml:11:5-79
18-->src\main\AndroidManifest.xml:11:22-76
19    <uses-permission android:name="android.permission.READ_EXTERNAL_STORAGE" />
19-->src\main\AndroidManifest.xml:12:5-80
19-->src\main\AndroidManifest.xml:12:22-77
20    <uses-permission android:name="android.permission.WRITE_EXTERNAL_STORAGE" />
20-->src\main\AndroidManifest.xml:13:5-81
20-->src\main\AndroidManifest.xml:13:22-78
21    <uses-permission android:name="android.permission.READ_PHONE_STATE" />
21-->src\main\AndroidManifest.xml:14:5-75
21-->src\main\AndroidManifest.xml:14:22-72
22    <uses-permission android:name="android.permission.SYSTEM_ALERT_WINDOW" />
22-->src\main\AndroidManifest.xml:15:5-78
22-->src\main\AndroidManifest.xml:15:22-75
23    <uses-permission android:name="android.permission.ACCESS_FINE_LOCATION" />
23-->src\main\AndroidManifest.xml:16:5-79
23-->src\main\AndroidManifest.xml:16:22-76
24    <uses-permission android:name="android.permission.ACCESS_COARSE_LOCATION" />
24-->src\main\AndroidManifest.xml:17:5-81
24-->src\main\AndroidManifest.xml:17:22-78
25    <!-- Needed only if your app targets Android 5.0 (API level 21) or higher. -->
26    <uses-feature android:name="android.hardware.location.gps" />
26-->src\main\AndroidManifest.xml:19:5-66
26-->src\main\AndroidManifest.xml:19:19-63
27
28    <uses-permission android:name="android.permission.RECEIVE_BOOT_COMPLETED" />
28-->src\main\AndroidManifest.xml:20:5-81
28-->src\main\AndroidManifest.xml:20:22-78
29    <uses-permission android:name="android.permission.WRITE_SETTINGS" />
29-->src\main\AndroidManifest.xml:21:5-22:47
29-->src\main\AndroidManifest.xml:21:22-70
30
31    <!-- Require below permissions for reading sms and otp assist feature -->
32    <!--
33    <uses-permission android:name="android.permission.READ_SMS" />
34    <uses-permission android:name="android.permission.READ_PHONE_STATE" />
35    -->
36    <uses-feature
36-->[com.payumoney.core:payumoney-sdk:7.6.0] AndroidManifest.xml:24:5-26:36
37        android:name="android.hardware.telephony"
37-->[com.payumoney.core:payumoney-sdk:7.6.0] AndroidManifest.xml:25:9-50
38        android:required="false" /> <!-- Create a unique permission for your app and use it so only your app can receive your OneSignal messages. -->
38-->[com.payumoney.core:payumoney-sdk:7.6.0] AndroidManifest.xml:26:9-33
39    <permission
39-->[com.onesignal:OneSignal:3.9.1] AndroidManifest.xml:8:5-10:47
40        android:name="com.misfer.srisabaries.permission.C2D_MESSAGE"
40-->[com.onesignal:OneSignal:3.9.1] AndroidManifest.xml:9:9-63
41        android:protectionLevel="signature" />
41-->[com.onesignal:OneSignal:3.9.1] AndroidManifest.xml:10:9-44
42
43    <uses-permission android:name="com.misfer.srisabaries.permission.C2D_MESSAGE" />
43-->[com.onesignal:OneSignal:3.9.1] AndroidManifest.xml:12:5-79
43-->[com.onesignal:OneSignal:3.9.1] AndroidManifest.xml:12:22-76
44    <uses-permission android:name="com.google.android.c2dm.permission.RECEIVE" /> <!-- Required, makes sure notifications are delivered on time. -->
44-->[com.onesignal:OneSignal:3.9.1] AndroidManifest.xml:18:5-82
44-->[com.onesignal:OneSignal:3.9.1] AndroidManifest.xml:18:22-79
45    <uses-permission android:name="android.permission.WAKE_LOCK" />
45-->[com.onesignal:OneSignal:3.9.1] AndroidManifest.xml:19:5-68
45-->[com.onesignal:OneSignal:3.9.1] AndroidManifest.xml:19:22-65
46    <!--
47 Required so the device vibrates on receiving a push notification.
48         Vibration settings of the device still apply.
49    -->
50    <uses-permission android:name="android.permission.VIBRATE" /> <!-- START: ShortcutBadger -->
50-->[com.onesignal:OneSignal:3.9.1] AndroidManifest.xml:24:5-66
50-->[com.onesignal:OneSignal:3.9.1] AndroidManifest.xml:24:22-63
51    <!-- Samsung -->
52    <uses-permission android:name="com.sec.android.provider.badge.permission.READ" />
52-->[com.onesignal:OneSignal:3.9.1] AndroidManifest.xml:32:5-86
52-->[com.onesignal:OneSignal:3.9.1] AndroidManifest.xml:32:22-83
53    <uses-permission android:name="com.sec.android.provider.badge.permission.WRITE" /> <!-- HTC -->
53-->[com.onesignal:OneSignal:3.9.1] AndroidManifest.xml:33:5-87
53-->[com.onesignal:OneSignal:3.9.1] AndroidManifest.xml:33:22-84
54    <uses-permission android:name="com.htc.launcher.permission.READ_SETTINGS" />
54-->[com.onesignal:OneSignal:3.9.1] AndroidManifest.xml:34:5-81
54-->[com.onesignal:OneSignal:3.9.1] AndroidManifest.xml:34:22-78
55    <uses-permission android:name="com.htc.launcher.permission.UPDATE_SHORTCUT" /> <!-- Sony -->
55-->[com.onesignal:OneSignal:3.9.1] AndroidManifest.xml:35:5-83
55-->[com.onesignal:OneSignal:3.9.1] AndroidManifest.xml:35:22-80
56    <uses-permission android:name="com.sonyericsson.home.permission.BROADCAST_BADGE" />
56-->[com.onesignal:OneSignal:3.9.1] AndroidManifest.xml:36:5-88
56-->[com.onesignal:OneSignal:3.9.1] AndroidManifest.xml:36:22-85
57    <uses-permission android:name="com.sonymobile.home.permission.PROVIDER_INSERT_BADGE" /> <!-- Apex -->
57-->[com.onesignal:OneSignal:3.9.1] AndroidManifest.xml:37:5-92
57-->[com.onesignal:OneSignal:3.9.1] AndroidManifest.xml:37:22-89
58    <uses-permission android:name="com.anddoes.launcher.permission.UPDATE_COUNT" /> <!-- Solid -->
58-->[com.onesignal:OneSignal:3.9.1] AndroidManifest.xml:38:5-84
58-->[com.onesignal:OneSignal:3.9.1] AndroidManifest.xml:38:22-81
59    <uses-permission android:name="com.majeur.launcher.permission.UPDATE_BADGE" /> <!-- Huawei -->
59-->[com.onesignal:OneSignal:3.9.1] AndroidManifest.xml:39:5-83
59-->[com.onesignal:OneSignal:3.9.1] AndroidManifest.xml:39:22-80
60    <uses-permission android:name="com.huawei.android.launcher.permission.CHANGE_BADGE" />
60-->[com.onesignal:OneSignal:3.9.1] AndroidManifest.xml:40:5-91
60-->[com.onesignal:OneSignal:3.9.1] AndroidManifest.xml:40:22-88
61    <uses-permission android:name="com.huawei.android.launcher.permission.READ_SETTINGS" />
61-->[com.onesignal:OneSignal:3.9.1] AndroidManifest.xml:41:5-92
61-->[com.onesignal:OneSignal:3.9.1] AndroidManifest.xml:41:22-89
62    <uses-permission android:name="com.huawei.android.launcher.permission.WRITE_SETTINGS" /> <!-- ZUK -->
62-->[com.onesignal:OneSignal:3.9.1] AndroidManifest.xml:42:5-93
62-->[com.onesignal:OneSignal:3.9.1] AndroidManifest.xml:42:22-90
63    <uses-permission android:name="android.permission.READ_APP_BADGE" /> <!-- OPPO -->
63-->[com.onesignal:OneSignal:3.9.1] AndroidManifest.xml:43:5-73
63-->[com.onesignal:OneSignal:3.9.1] AndroidManifest.xml:43:22-70
64    <uses-permission android:name="com.oppo.launcher.permission.READ_SETTINGS" />
64-->[com.onesignal:OneSignal:3.9.1] AndroidManifest.xml:44:5-82
64-->[com.onesignal:OneSignal:3.9.1] AndroidManifest.xml:44:22-79
65    <uses-permission android:name="com.oppo.launcher.permission.WRITE_SETTINGS" /> <!-- EvMe -->
65-->[com.onesignal:OneSignal:3.9.1] AndroidManifest.xml:45:5-83
65-->[com.onesignal:OneSignal:3.9.1] AndroidManifest.xml:45:22-80
66    <uses-permission android:name="me.everything.badger.permission.BADGE_COUNT_READ" />
66-->[com.onesignal:OneSignal:3.9.1] AndroidManifest.xml:46:5-88
66-->[com.onesignal:OneSignal:3.9.1] AndroidManifest.xml:46:22-85
67    <uses-permission android:name="me.everything.badger.permission.BADGE_COUNT_WRITE" />
67-->[com.onesignal:OneSignal:3.9.1] AndroidManifest.xml:47:5-89
67-->[com.onesignal:OneSignal:3.9.1] AndroidManifest.xml:47:22-86
68
69    <uses-feature
69-->[com.google.android.gms:play-services-maps:17.0.0] AndroidManifest.xml:26:5-28:35
70        android:glEsVersion="0x00020000"
70-->[com.google.android.gms:play-services-maps:17.0.0] AndroidManifest.xml:27:9-41
71        android:required="true" />
71-->[com.google.android.gms:play-services-maps:17.0.0] AndroidManifest.xml:28:9-32
72
73    <uses-permission android:name="android.permission.CHANGE_WIFI_STATE" />
73-->[am.appwise.components:NoInternetDialog:1.1.3] AndroidManifest.xml:14:5-76
73-->[am.appwise.components:NoInternetDialog:1.1.3] AndroidManifest.xml:14:22-73
74    <uses-permission android:name="com.google.android.finsky.permission.BIND_GET_INSTALL_REFERRER_SERVICE" />
74-->[com.google.android.gms:play-services-measurement:17.0.0] AndroidManifest.xml:26:5-110
74-->[com.google.android.gms:play-services-measurement:17.0.0] AndroidManifest.xml:26:22-107
75
76    <uses-feature
76-->[io.card:android-sdk:5.5.1] AndroidManifest.xml:12:5-14:36
77        android:name="android.hardware.camera"
77-->[io.card:android-sdk:5.5.1] AndroidManifest.xml:13:9-47
78        android:required="false" />
78-->[io.card:android-sdk:5.5.1] AndroidManifest.xml:14:9-33
79    <uses-feature
79-->[io.card:android-sdk:5.5.1] AndroidManifest.xml:15:5-17:36
80        android:name="android.hardware.camera.autofocus"
80-->[io.card:android-sdk:5.5.1] AndroidManifest.xml:16:9-57
81        android:required="false" />
81-->[io.card:android-sdk:5.5.1] AndroidManifest.xml:17:9-33
82
83    <application
83-->src\main\AndroidManifest.xml:27:5-178:19
84        android:name="com.misfer.srisabaries.app.App"
84-->src\main\AndroidManifest.xml:28:9-54
85        android:allowBackup="false"
85-->src\main\AndroidManifest.xml:29:9-36
86        android:appComponentFactory="androidx.core.app.CoreComponentFactory"
86-->[androidx.core:core:1.2.0] AndroidManifest.xml:24:18-86
87        android:fullBackupContent="false"
87-->src\main\AndroidManifest.xml:30:9-42
88        android:hardwareAccelerated="true"
88-->src\main\AndroidManifest.xml:35:9-43
89        android:icon="@mipmap/ic_launcher_foreground"
89-->src\main\AndroidManifest.xml:31:9-54
90        android:label="@string/app_name"
90-->src\main\AndroidManifest.xml:32:9-41
91        android:supportsRtl="true"
91-->src\main\AndroidManifest.xml:33:9-35
92        android:theme="@style/AppTheme"
92-->src\main\AndroidManifest.xml:34:9-40
93        android:usesCleartextTraffic="true"
93-->src\main\AndroidManifest.xml:36:9-44
94        android:windowSoftInputMode="adjustPan" >
94-->[com.payumoney.core:payumoney-sdk:7.6.0] AndroidManifest.xml:30:9-48
95        <meta-data
95-->src\main\AndroidManifest.xml:41:9-43:55
96            android:name="com.facebook.sdk.ApplicationId"
96-->src\main\AndroidManifest.xml:42:13-58
97            android:value="@string/facebook_app_id" />
97-->src\main\AndroidManifest.xml:43:13-52
98        <!--
99            <meta-data
100            android:name="com.google.android.maps.v2.API_KEY"
101            android:value="@string/google_api_app_id" />
102        -->
103
104
105        <!-- Editted by saud. above meta data tag does not works with place picker api. -->
106        <meta-data
106-->src\main\AndroidManifest.xml:49:9-51:56
107            android:name="com.google.android.geo.API_KEY"
107-->src\main\AndroidManifest.xml:50:13-58
108            android:value="@string/google_api_app_id" />
108-->src\main\AndroidManifest.xml:51:13-54
109        <!-- Editted by saud -->
110
111        <meta-data
111-->src\main\AndroidManifest.xml:54:9-56:52
112            android:name="com.google.firebase.messaging.default_notification_icon"
112-->src\main\AndroidManifest.xml:55:13-83
113            android:resource="@drawable/ic_logo" />
113-->src\main\AndroidManifest.xml:56:13-49
114        <!--
115            <meta-data
116            android:name="com.google.android.gms.ads.APPLICATION_ID"
117            android:value="@string/addmob_AppID" />
118        -->
119        <meta-data
119-->src\main\AndroidManifest.xml:60:9-62:58
120            android:name="instamojo.orderauth.url"
120-->src\main\AndroidManifest.xml:61:13-51
121            android:value="@string/instamojo_file_url" />
121-->src\main\AndroidManifest.xml:62:13-55
122
123        <!-- Razor Pay API_KEY -->
124        <meta-data
124-->src\main\AndroidManifest.xml:65:8-68:15
125            android:name="com.razorpay.ApiKey"
125-->src\main\AndroidManifest.xml:66:13-47
126            android:value="@string/razor_api_key" />
126-->src\main\AndroidManifest.xml:67:13-50
127
128        <provider
129            android:name="androidx.core.content.FileProvider"
129-->src\main\AndroidManifest.xml:72:13-62
130            android:authorities="com.misfer.srisabaries.provider"
130-->src\main\AndroidManifest.xml:73:13-60
131            android:exported="false"
131-->src\main\AndroidManifest.xml:74:13-37
132            android:grantUriPermissions="true" >
132-->src\main\AndroidManifest.xml:75:13-47
133            <meta-data
133-->src\main\AndroidManifest.xml:76:13-78:58
134                android:name="android.support.FILE_PROVIDER_PATHS"
134-->src\main\AndroidManifest.xml:77:17-67
135                android:resource="@xml/provider_paths" />
135-->src\main\AndroidManifest.xml:78:17-55
136        </provider>
137
138        <activity
138-->src\main\AndroidManifest.xml:82:9-94:20
139            android:name="com.misfer.srisabaries.activities.SplashScreen"
139-->src\main\AndroidManifest.xml:83:13-74
140            android:exported="true"
140-->src\main\AndroidManifest.xml:84:13-36
141            android:launchMode="singleTask"
141-->src\main\AndroidManifest.xml:85:13-44
142            android:screenOrientation="portrait"
142-->src\main\AndroidManifest.xml:86:13-49
143            android:theme="@style/MySplashScreen" >
143-->src\main\AndroidManifest.xml:88:13-50
144            <intent-filter>
144-->src\main\AndroidManifest.xml:90:13-93:29
145                <action android:name="android.intent.action.MAIN" />
145-->src\main\AndroidManifest.xml:91:17-69
145-->src\main\AndroidManifest.xml:91:25-66
146
147                <category android:name="android.intent.category.LAUNCHER" />
147-->src\main\AndroidManifest.xml:92:17-77
147-->src\main\AndroidManifest.xml:92:27-74
148            </intent-filter>
149        </activity>
150        <activity android:name="com.misfer.srisabaries.activities.IntroScreen" />
150-->src\main\AndroidManifest.xml:96:9-82
150-->src\main\AndroidManifest.xml:96:19-79
151        <activity
151-->src\main\AndroidManifest.xml:98:9-112:20
152            android:name="com.misfer.srisabaries.activities.MainActivity"
152-->src\main\AndroidManifest.xml:99:13-74
153            android:exported="true"
153-->src\main\AndroidManifest.xml:100:13-36
154            android:launchMode="singleTask"
154-->src\main\AndroidManifest.xml:101:13-44
155            android:screenOrientation="portrait"
155-->src\main\AndroidManifest.xml:102:13-49
156            android:windowSoftInputMode="adjustResize" >
156-->src\main\AndroidManifest.xml:104:13-55
157            <intent-filter>
157-->src\main\AndroidManifest.xml:106:13-111:29
158                <action android:name="android.intent.action.MAIN" />
158-->src\main\AndroidManifest.xml:91:17-69
158-->src\main\AndroidManifest.xml:91:25-66
159                <action android:name="android.intent.action.SEARCH" />
159-->src\main\AndroidManifest.xml:108:17-71
159-->src\main\AndroidManifest.xml:108:25-68
160
161                <category android:name="android.intent.category.DEFAULT" />
161-->src\main\AndroidManifest.xml:110:17-76
161-->src\main\AndroidManifest.xml:110:27-73
162            </intent-filter>
163        </activity>
164        <activity
164-->src\main\AndroidManifest.xml:114:9-119:58
165            android:name="com.misfer.srisabaries.activities.Login"
165-->src\main\AndroidManifest.xml:115:13-67
166            android:label=".activities.Login"
166-->src\main\AndroidManifest.xml:116:13-46
167            android:screenOrientation="portrait"
167-->src\main\AndroidManifest.xml:117:13-49
168            android:windowSoftInputMode="adjustResize" />
168-->src\main\AndroidManifest.xml:119:13-55
169        <activity
169-->src\main\AndroidManifest.xml:121:9-126:56
170            android:name="com.misfer.srisabaries.activities.Signup"
170-->src\main\AndroidManifest.xml:122:13-68
171            android:label=".activities.Signup"
171-->src\main\AndroidManifest.xml:123:13-47
172            android:screenOrientation="portrait"
172-->src\main\AndroidManifest.xml:124:13-49
173            android:windowSoftInputMode="adjustResize" />
173-->src\main\AndroidManifest.xml:125:13-55
174        <activity android:name="com.misfer.srisabaries.Maps.MapActivity" />
174-->src\main\AndroidManifest.xml:129:9-75
174-->src\main\AndroidManifest.xml:129:19-73
175        <activity android:name="com.misfer.srisabaries.activities.Order_Tracking_Activity" />
175-->src\main\AndroidManifest.xml:131:9-94
175-->src\main\AndroidManifest.xml:131:19-91
176
177        <!-- Facebook Activity -->
178
179        <activity
179-->src\main\AndroidManifest.xml:135:9-138:48
180            android:name="com.facebook.FacebookActivity"
180-->src\main\AndroidManifest.xml:136:13-57
181            android:configChanges="keyboard|keyboardHidden|screenLayout|screenSize|orientation"
181-->src\main\AndroidManifest.xml:137:13-96
182            android:label="@string/app_name"
182-->src\main\AndroidManifest.xml:138:13-45
183            android:theme="@style/com_facebook_activity_theme" />
183-->[com.facebook.android:facebook-common:4.42.0] AndroidManifest.xml:32:13-63
184
185        <!-- Braintree Activity -->
186
187        <activity
187-->src\main\AndroidManifest.xml:142:9-152:20
188            android:name="com.braintreepayments.api.BraintreeBrowserSwitchActivity"
188-->src\main\AndroidManifest.xml:143:13-84
189            android:launchMode="singleTask" >
189-->src\main\AndroidManifest.xml:144:13-44
190            <intent-filter>
190-->src\main\AndroidManifest.xml:145:13-151:29
191                <action android:name="android.intent.action.VIEW" />
191-->src\main\AndroidManifest.xml:146:17-69
191-->src\main\AndroidManifest.xml:146:25-66
192
193                <data android:scheme="com.misfer.srisabaries.braintree" />
193-->src\main\AndroidManifest.xml:147:23-66
194
195                <category android:name="android.intent.category.DEFAULT" />
195-->src\main\AndroidManifest.xml:110:17-76
195-->src\main\AndroidManifest.xml:110:27-73
196                <category android:name="android.intent.category.BROWSABLE" />
196-->src\main\AndroidManifest.xml:150:17-78
196-->src\main\AndroidManifest.xml:150:27-75
197            </intent-filter>
198        </activity>
199
200        <!-- Scheduled Notifications -->
201
202        <receiver
202-->src\main\AndroidManifest.xml:157:9-166:20
203            android:name="com.misfer.srisabaries.receivers.AlarmReceiver"
203-->src\main\AndroidManifest.xml:158:13-74
204            android:enabled="false" >
204-->src\main\AndroidManifest.xml:159:13-36
205            <intent-filter>
205-->src\main\AndroidManifest.xml:160:13-165:29
206                <category android:name="android.intent.category.APP_MARKET" />
206-->src\main\AndroidManifest.xml:161:17-79
206-->src\main\AndroidManifest.xml:161:27-76
207
208                <action android:name="android.intent.action.BOOT_COMPLETED" />
208-->src\main\AndroidManifest.xml:163:17-79
208-->src\main\AndroidManifest.xml:163:25-76
209                <action android:name="android.media.action.DISPLAY_NOTIFICATION" />
209-->src\main\AndroidManifest.xml:164:17-84
209-->src\main\AndroidManifest.xml:164:25-81
210            </intent-filter>
211        </receiver>
212
213        <!-- Firebase Notifications -->
214
215        <service android:name="com.misfer.srisabaries.services.MyFirebaseInstanceIDService" >
215-->src\main\AndroidManifest.xml:171:9-175:19
215-->src\main\AndroidManifest.xml:171:18-92
216            <intent-filter>
216-->src\main\AndroidManifest.xml:172:13-174:29
217                <action android:name="com.google.firebase.INSTANCE_ID_EVENT" />
217-->src\main\AndroidManifest.xml:173:17-80
217-->src\main\AndroidManifest.xml:173:25-77
218            </intent-filter>
219        </service>
220
221        <activity
221-->[com.braintreepayments.api:drop-in:3.7.1] AndroidManifest.xml:18:9-20:62
222            android:name="com.braintreepayments.api.threedsecure.ThreeDSecureWebViewActivity"
222-->[com.braintreepayments.api:drop-in:3.7.1] AndroidManifest.xml:19:13-94
223            android:theme="@style/bt_three_d_secure_theme" />
223-->[com.braintreepayments.api:drop-in:3.7.1] AndroidManifest.xml:20:13-59
224        <activity
224-->[com.braintreepayments.api:drop-in:3.7.1] AndroidManifest.xml:21:9-23:64
225            android:name="com.braintreepayments.api.dropin.DropInActivity"
225-->[com.braintreepayments.api:drop-in:3.7.1] AndroidManifest.xml:22:13-75
226            android:theme="@style/bt_drop_in_activity_theme" />
226-->[com.braintreepayments.api:drop-in:3.7.1] AndroidManifest.xml:23:13-61
227        <activity
227-->[com.braintreepayments.api:drop-in:3.7.1] AndroidManifest.xml:24:9-26:65
228            android:name="com.braintreepayments.api.dropin.AddCardActivity"
228-->[com.braintreepayments.api:drop-in:3.7.1] AndroidManifest.xml:25:13-76
229            android:theme="@style/bt_add_card_activity_theme" />
229-->[com.braintreepayments.api:drop-in:3.7.1] AndroidManifest.xml:26:13-62
230        <activity
230-->[com.braintreepayments.api:drop-in:3.7.1] AndroidManifest.xml:27:9-29:70
231            android:name="com.braintreepayments.api.dropin.VaultManagerActivity"
231-->[com.braintreepayments.api:drop-in:3.7.1] AndroidManifest.xml:28:13-81
232            android:theme="@style/bt_vault_manager_activity_theme" />
232-->[com.braintreepayments.api:drop-in:3.7.1] AndroidManifest.xml:29:13-67
233        <activity
233-->[com.payumoney.sdkui:plug-n-play:1.6.0] AndroidManifest.xml:19:9-24:55
234            android:name="com.payumoney.sdkui.ui.activities.PayUmoneyActivity"
234-->[com.payumoney.sdkui:plug-n-play:1.6.0] AndroidManifest.xml:20:13-79
235            android:label="@string/title_activity_citrus"
235-->[com.payumoney.sdkui:plug-n-play:1.6.0] AndroidManifest.xml:21:13-58
236            android:screenOrientation="portrait"
236-->[com.payumoney.sdkui:plug-n-play:1.6.0] AndroidManifest.xml:22:13-49
237            android:theme="@style/PayumoneyAppTheme"
237-->[com.payumoney.sdkui:plug-n-play:1.6.0] AndroidManifest.xml:23:13-53
238            android:windowSoftInputMode="adjustPan" />
238-->[com.payumoney.sdkui:plug-n-play:1.6.0] AndroidManifest.xml:24:13-52
239        <activity
239-->[com.payumoney.sdkui:plug-n-play:1.6.0] AndroidManifest.xml:25:9-28:56
240            android:name="com.payumoney.sdkui.ui.activities.ReviewOrderActivity"
240-->[com.payumoney.sdkui:plug-n-play:1.6.0] AndroidManifest.xml:26:13-81
241            android:screenOrientation="portrait"
241-->[com.payumoney.sdkui:plug-n-play:1.6.0] AndroidManifest.xml:27:13-49
242            android:theme="@style/PayumoneyAppTheme" />
242-->[com.payumoney.sdkui:plug-n-play:1.6.0] AndroidManifest.xml:28:13-53
243        <activity
243-->[com.payumoney.core:payumoney-sdk:7.6.0] AndroidManifest.xml:31:9-34:72
244            android:name="com.payumoney.core.SdkWebViewActivityNew"
244-->[com.payumoney.core:payumoney-sdk:7.6.0] AndroidManifest.xml:32:13-68
245            android:screenOrientation="portrait"
245-->[com.payumoney.core:payumoney-sdk:7.6.0] AndroidManifest.xml:33:13-49
246            android:theme="@style/Theme.AppCompat.Light.NoActionBar" />
246-->[com.payumoney.core:payumoney-sdk:7.6.0] AndroidManifest.xml:34:13-69
247        <activity
247-->[com.payumoney.core:payumoney-sdk:7.6.0] AndroidManifest.xml:35:9-40:59
248            android:name="com.payu.custombrowser.CBActivity"
248-->[com.payumoney.core:payumoney-sdk:7.6.0] AndroidManifest.xml:36:13-61
249            android:screenOrientation="portrait"
249-->[com.payumoney.core:payumoney-sdk:7.6.0] AndroidManifest.xml:37:13-49
250            android:theme="@style/Theme.AppCompat"
250-->[com.payumoney.core:payumoney-sdk:7.6.0] AndroidManifest.xml:38:13-51
251            android:windowSoftInputMode="stateAlwaysHidden" />
251-->[com.payumoney.core:payumoney-sdk:7.6.0] AndroidManifest.xml:39:13-60
252        <activity android:name="instamojo.library.Instamojo" >
252-->[ai.devsupport.instamojo:instamojolib:0.1.6] AndroidManifest.xml:14:9-15:20
252-->[ai.devsupport.instamojo:instamojolib:0.1.6] AndroidManifest.xml:14:19-61
253        </activity> <!-- Autocomplete -->
254        <activity
254-->[com.google.android.libraries.places:places:1.1.0] AndroidManifest.xml:16:9-23:20
255            android:name="com.google.android.libraries.places.widget.AutocompleteActivity"
255-->[com.google.android.libraries.places:places:1.1.0] AndroidManifest.xml:17:13-91
256            android:exported="false"
256-->[com.google.android.libraries.places:places:1.1.0] AndroidManifest.xml:18:13-37
257            android:hardwareAccelerated="true"
257-->[com.google.android.libraries.places:places:1.1.0] AndroidManifest.xml:19:13-47
258            android:label="@string/places_autocomplete_label"
258-->[com.google.android.libraries.places:places:1.1.0] AndroidManifest.xml:20:13-62
259            android:theme="@style/PlacesAutocompleteThemeOverlay"
259-->[com.google.android.libraries.places:places:1.1.0] AndroidManifest.xml:21:13-66
260            android:windowSoftInputMode="stateAlwaysVisible|adjustPan" >
260-->[com.google.android.libraries.places:places:1.1.0] AndroidManifest.xml:22:13-71
261        </activity>
262        <activity
262-->[com.instamojo:android-sdk:1.2.6] AndroidManifest.xml:15:9-26:20
263            android:name="com.instamojo.android.activities.PaymentDetailsActivity"
263-->[com.instamojo:android-sdk:1.2.6] AndroidManifest.xml:16:13-83
264            android:screenOrientation="portrait"
264-->[com.instamojo:android-sdk:1.2.6] AndroidManifest.xml:17:13-49
265            android:theme="@style/SdkTheme" >
265-->[com.instamojo:android-sdk:1.2.6] AndroidManifest.xml:18:13-44
266            <meta-data
266-->[com.instamojo:android-sdk:1.2.6] AndroidManifest.xml:19:13-21:54
267                android:name="android.app.searchable"
267-->[com.instamojo:android-sdk:1.2.6] AndroidManifest.xml:20:17-54
268                android:resource="@xml/searchable" />
268-->[com.instamojo:android-sdk:1.2.6] AndroidManifest.xml:21:17-51
269
270            <intent-filter>
270-->[com.instamojo:android-sdk:1.2.6] AndroidManifest.xml:23:13-25:29
271                <action android:name="android.intent.action.SEARCH" />
271-->src\main\AndroidManifest.xml:108:17-71
271-->src\main\AndroidManifest.xml:108:25-68
272            </intent-filter>
273        </activity>
274        <activity
274-->[com.instamojo:android-sdk:1.2.6] AndroidManifest.xml:27:9-33:58
275            android:name="com.instamojo.android.activities.PaymentActivity"
275-->[com.instamojo:android-sdk:1.2.6] AndroidManifest.xml:28:13-76
276            android:hardwareAccelerated="true"
276-->[com.instamojo:android-sdk:1.2.6] AndroidManifest.xml:29:13-47
277            android:label="Payment"
277-->[com.instamojo:android-sdk:1.2.6] AndroidManifest.xml:30:13-36
278            android:screenOrientation="portrait"
278-->[com.instamojo:android-sdk:1.2.6] AndroidManifest.xml:31:13-49
279            android:theme="@style/SdkTheme"
279-->[com.instamojo:android-sdk:1.2.6] AndroidManifest.xml:32:13-44
280            android:windowSoftInputMode="adjustResize" />
280-->[com.instamojo:android-sdk:1.2.6] AndroidManifest.xml:33:13-55
281        <activity android:name="com.facebook.CustomTabMainActivity" />
281-->[com.facebook.android:facebook-common:4.42.0] AndroidManifest.xml:33:9-71
281-->[com.facebook.android:facebook-common:4.42.0] AndroidManifest.xml:33:19-68
282        <activity android:name="com.facebook.CustomTabActivity" />
282-->[com.facebook.android:facebook-common:4.42.0] AndroidManifest.xml:34:9-67
282-->[com.facebook.android:facebook-common:4.42.0] AndroidManifest.xml:34:19-64
283
284        <service android:name="com.payu.custombrowser.services.SnoozeService" />
284-->[com.payu.custombrowser:payu-custom-browser:7.5.1] AndroidManifest.xml:23:9-81
284-->[com.payu.custombrowser:payu-custom-browser:7.5.1] AndroidManifest.xml:23:18-78
285
286        <activity android:name="com.payu.custombrowser.PreLollipopPaymentsActivity" >
286-->[com.payu.custombrowser:payu-custom-browser:7.5.1] AndroidManifest.xml:25:9-42:20
286-->[com.payu.custombrowser:payu-custom-browser:7.5.1] AndroidManifest.xml:25:19-84
287            <intent-filter>
287-->[com.payu.custombrowser:payu-custom-browser:7.5.1] AndroidManifest.xml:26:13-33:29
288                <data android:scheme="com.misfer.srisabaries.success" />
288-->src\main\AndroidManifest.xml:147:23-66
289
290                <action android:name="android.intent.action.VIEW" />
290-->src\main\AndroidManifest.xml:146:17-69
290-->src\main\AndroidManifest.xml:146:25-66
291
292                <category android:name="android.intent.category.DEFAULT" />
292-->src\main\AndroidManifest.xml:110:17-76
292-->src\main\AndroidManifest.xml:110:27-73
293                <category android:name="android.intent.category.BROWSABLE" />
293-->src\main\AndroidManifest.xml:150:17-78
293-->src\main\AndroidManifest.xml:150:27-75
294            </intent-filter>